<xml>
  <msgDataFormat>JSON或者XML</msgDataFormat>
  <secret>公众号appsecret</secret>
  <token>公众号Token</token>
  <aesKey>公众号EncodingAESKey</aesKey>
  <accessToken>可以不填写</accessToken>
  <expiresTime>可以不填写</expiresTime>
  <openid>某个加你公众号的用户的openId</openid>
  <templateId>模版消息的模版ID</templateId>
  <kfAccount>完整客服账号，格式为：账号前缀@公众号微信号</kfAccount>
</xml>
